{"level":"info","ts":1757620122.476949,"caller":"blog/main.go:39","msg":"API Token: secretToken"}
{"level":"info","ts":1757620122.493066,"caller":"blog/db.go:34","msg":"Database connection established!"}
Signups Disabled ...
{"level":"info","ts":1757620122.497303,"caller":"blog/main.go:288","msg":"server listening on :22222"}
2025/09/11 15:52:13 "GET http://localhost:22222/slides HTTP/1.1" from [::1]:58386 - 200 34416B in 94.0195ms
2025/09/11 15:52:13 "GET http://localhost:22222/static/css/modern-theme.css?v=2025-v5 HTTP/1.1" from [::1]:58386 - 304 0B in 129.417µs
2025/09/11 15:52:13 "GET http://localhost:22222/.well-known/appspecific/com.chrome.devtools.json HTTP/1.1" from [::1]:58386 - 404 1125B in 2.007583ms
2025/09/11 15:52:17 "GET http://localhost:22222/admin/slides/1/edit HTTP/1.1" from [::1]:58386 - 200 43911B in 71.482041ms
2025/09/11 15:52:17 "GET http://localhost:22222/.well-known/appspecific/com.chrome.devtools.json HTTP/1.1" from [::1]:58386 - 404 1125B in 89.167µs
2025/09/11 15:52:20 "POST http://localhost:22222/admin/slides/1 HTTP/1.1" from [::1]:58386 - 302 0B in 65.419708ms
2025/09/11 15:52:20 "GET http://localhost:22222/admin/slides/1/edit HTTP/1.1" from [::1]:58386 - 200 43960B in 51.677875ms
2025/09/11 15:52:20 "GET http://localhost:22222/.well-known/appspecific/com.chrome.devtools.json HTTP/1.1" from [::1]:58386 - 404 1125B in 95.083µs
2025/09/11 15:52:22 "GET http://localhost:22222/admin/slides HTTP/1.1" from [::1]:58386 - 200 48767B in 86.983958ms
2025/09/11 15:52:22 "GET http://localhost:22222/.well-known/appspecific/com.chrome.devtools.json HTTP/1.1" from [::1]:58386 - 404 1125B in 105.958µs
2025/09/11 15:52:24 "GET http://localhost:22222/slides HTTP/1.1" from [::1]:58386 - 200 34903B in 68.246167ms
2025/09/11 15:52:24 "GET http://localhost:22222/.well-known/appspecific/com.chrome.devtools.json HTTP/1.1" from [::1]:58386 - 404 1125B in 184.375µs
2025/09/11 15:52:28 "GET http://localhost:22222/slides/test-presentation HTTP/1.1" from [::1]:58386 - 200 11212B in 82.481166ms
2025/09/11 15:52:28 "GET http://localhost:22222/.well-known/appspecific/com.chrome.devtools.json HTTP/1.1" from [::1]:58386 - 404 1125B in 134.833µs
2025/09/11 15:52:29 "GET http://localhost:22222/.well-known/appspecific/com.chrome.devtools.json HTTP/1.1" from [::1]:58386 - 404 1125B in 121.208µs
2025/09/11 15:52:29 "GET http://localhost:22222/.well-known/appspecific/com.chrome.devtools.json HTTP/1.1" from [::1]:58386 - 404 1125B in 123.416µs
2025/09/11 15:52:30 "GET http://localhost:22222/admin/slides/1/edit HTTP/1.1" from [::1]:58386 - 200 43960B in 65.2725ms
2025/09/11 15:52:30 "GET http://localhost:22222/.well-known/appspecific/com.chrome.devtools.json HTTP/1.1" from [::1]:58386 - 404 1125B in 266.792µs
2025/09/11 15:52:34 "GET http://localhost:22222/.well-known/appspecific/com.chrome.devtools.json HTTP/1.1" from [::1]:58386 - 404 1125B in 124.209µs
2025/09/11 15:52:34 "GET http://localhost:22222/.well-known/appspecific/com.chrome.devtools.json HTTP/1.1" from [::1]:58386 - 404 1125B in 104.708µs
Posts fetched successfully! Count: 5
DEBUG HOME: User logged in: anchoo2kewl, Email: anchoo2kewl@gmail.com, Role: 2, IsAdmin: true
2025/09/11 15:52:46 "GET http://localhost:22222/ HTTP/1.1" from [::1]:58386 - 200 197017B in 83.711417ms
2025/09/11 15:52:47 "GET http://localhost:22222/.well-known/appspecific/com.chrome.devtools.json HTTP/1.1" from [::1]:58386 - 404 1125B in 83.959µs
Paginated posts fetched successfully! Limit: 5, Offset: 5
2025/09/11 15:52:51 "GET http://localhost:22222/api/posts/load-more?offset=5 HTTP/1.1" from [::1]:58386 - 200 47183B in 7.002542ms
Posts fetched successfully! Count: 5
DEBUG HOME: User logged in: anchoo2kewl, Email: anchoo2kewl@gmail.com, Role: 2, IsAdmin: true
2025/09/11 15:54:41 "GET http://localhost:22222/ HTTP/1.1" from [::1]:58386 - 200 197017B in 90.929167ms
Posts fetched successfully! Count: 5
DEBUG HOME: User logged in: anchoo2kewl, Email: anchoo2kewl@gmail.com, Role: 2, IsAdmin: true
2025/09/11 15:56:44 "GET http://localhost:22222/ HTTP/1.1" from [::1]:58386 - 200 197017B in 82.637417ms
2025/09/11 15:56:44 "GET http://localhost:22222/static/css/modern-theme.css?v=2025-v5 HTTP/1.1" from [::1]:58386 - 200 41253B in 658.917µs
Paginated posts fetched successfully! Limit: 5, Offset: 5
2025/09/11 15:56:46 "GET http://localhost:22222/api/posts/load-more?offset=5 HTTP/1.1" from [::1]:58386 - 200 47183B in 5.828917ms
2025/09/11 15:56:47 "HEAD http://localhost:22222/ HTTP/1.1" from [::1]:59749 - 405 0B in 3.5µs
Posts fetched successfully! Count: 5
DEBUG HOME: User not logged in, error: http: named cookie not present
DEBUG HOME: Session token from cookie: NO_COOKIE
2025/09/11 15:56:54 "GET http://localhost:22222/ HTTP/1.1" from [::1]:59803 - 200 187721B in 7.541417ms
2025/09/11 15:57:05 "GET http://localhost:22222/about HTTP/1.1" from [::1]:58386 - 200 29482B in 52.456917ms
2025/09/11 15:57:05 "GET http://localhost:22222/static/css/modern-theme.css?v=2025-v5 HTTP/1.1" from [::1]:58386 - 304 0B in 117.041µs
Posts fetched successfully! Count: 5
DEBUG HOME: User logged in: anchoo2kewl, Email: anchoo2kewl@gmail.com, Role: 2, IsAdmin: true
2025/09/11 15:57:08 "GET http://localhost:22222/ HTTP/1.1" from [::1]:58386 - 200 197017B in 58.660917ms
